Determining if the pthread_create exist failed with the following output:
Change Dir: /usr/workdir/Phlebot/catkin_ws/build/cv_bridge/CMakeFiles/CMakeTmp

Run Build Command:"/usr/bin/make" "cmTC_04f17/fast"
/usr/bin/make -f CMakeFiles/cmTC_04f17.dir/build.make CMakeFiles/cmTC_04f17.dir/build
make[1]: Entering directory '/usr/workdir/Phlebot/catkin_ws/build/cv_bridge/CMakeFiles/CMakeTmp'
Building C object CMakeFiles/cmTC_04f17.dir/CheckSymbolExists.c.o
/usr/bin/cc    -o CMakeFiles/cmTC_04f17.dir/CheckSymbolExists.c.o   -c /usr/workdir/Phlebot/catkin_ws/build/cv_bridge/CMakeFiles/CMakeTmp/CheckSymbolExists.c
Linking C executable cmTC_04f17
/usr/bin/cmake -E cmake_link_script CMakeFiles/cmTC_04f17.dir/link.txt --verbose=1
/usr/bin/cc      -rdynamic CMakeFiles/cmTC_04f17.dir/CheckSymbolExists.c.o  -o cmTC_04f17 
CMakeFiles/cmTC_04f17.dir/CheckSymbolExists.c.o: In function `main':
CheckSymbolExists.c:(.text+0x14): undefined reference to `pthread_create'
CheckSymbolExists.c:(.text+0x18): undefined reference to `pthread_create'
collect2: error: ld returned 1 exit status
CMakeFiles/cmTC_04f17.dir/build.make:97: recipe for target 'cmTC_04f17' failed
make[1]: *** [cmTC_04f17] Error 1
make[1]: Leaving directory '/usr/workdir/Phlebot/catkin_ws/build/cv_bridge/CMakeFiles/CMakeTmp'
Makefile:126: recipe for target 'cmTC_04f17/fast' failed
make: *** [cmTC_04f17/fast] Error 2

File /usr/workdir/Phlebot/catkin_ws/build/cv_bridge/CMakeFiles/CMakeTmp/CheckSymbolExists.c:
/* */
#include <pthread.h>

int main(int argc, char** argv)
{
  (void)argv;
#ifndef pthread_create
  return ((int*)(&pthread_create))[argc];
#else
  (void)argc;
  return 0;
#endif
}

Determining if the function pthread_create exists in the pthreads failed with the following output:
Change Dir: /usr/workdir/Phlebot/catkin_ws/build/cv_bridge/CMakeFiles/CMakeTmp

Run Build Command:"/usr/bin/make" "cmTC_30fe7/fast"
/usr/bin/make -f CMakeFiles/cmTC_30fe7.dir/build.make CMakeFiles/cmTC_30fe7.dir/build
make[1]: Entering directory '/usr/workdir/Phlebot/catkin_ws/build/cv_bridge/CMakeFiles/CMakeTmp'
Building C object CMakeFiles/cmTC_30fe7.dir/CheckFunctionExists.c.o
/usr/bin/cc   -DCHECK_FUNCTION_EXISTS=pthread_create   -o CMakeFiles/cmTC_30fe7.dir/CheckFunctionExists.c.o   -c /usr/share/cmake-3.10/Modules/CheckFunctionExists.c
Linking C executable cmTC_30fe7
/usr/bin/cmake -E cmake_link_script CMakeFiles/cmTC_30fe7.dir/link.txt --verbose=1
/usr/bin/cc  -DCHECK_FUNCTION_EXISTS=pthread_create    -rdynamic CMakeFiles/cmTC_30fe7.dir/CheckFunctionExists.c.o  -o cmTC_30fe7 -lpthreads 
/usr/bin/ld: cannot find -lpthreads
collect2: error: ld returned 1 exit status
CMakeFiles/cmTC_30fe7.dir/build.make:97: recipe for target 'cmTC_30fe7' failed
make[1]: *** [cmTC_30fe7] Error 1
make[1]: Leaving directory '/usr/workdir/Phlebot/catkin_ws/build/cv_bridge/CMakeFiles/CMakeTmp'
Makefile:126: recipe for target 'cmTC_30fe7/fast' failed
make: *** [cmTC_30fe7/fast] Error 2


