Determining if the pthread_create exist failed with the following output:
Change Dir: /usr/workdir/Phlebot/catkin_ws/build/image_geometry/CMakeFiles/CMakeTmp

Run Build Command:"/usr/bin/make" "cmTC_85243/fast"
/usr/bin/make -f CMakeFiles/cmTC_85243.dir/build.make CMakeFiles/cmTC_85243.dir/build
make[1]: Entering directory '/usr/workdir/Phlebot/catkin_ws/build/image_geometry/CMakeFiles/CMakeTmp'
Building C object CMakeFiles/cmTC_85243.dir/CheckSymbolExists.c.o
/usr/bin/cc    -o CMakeFiles/cmTC_85243.dir/CheckSymbolExists.c.o   -c /usr/workdir/Phlebot/catkin_ws/build/image_geometry/CMakeFiles/CMakeTmp/CheckSymbolExists.c
Linking C executable cmTC_85243
/usr/bin/cmake -E cmake_link_script CMakeFiles/cmTC_85243.dir/link.txt --verbose=1
/usr/bin/cc      -rdynamic CMakeFiles/cmTC_85243.dir/CheckSymbolExists.c.o  -o cmTC_85243 
CMakeFiles/cmTC_85243.dir/CheckSymbolExists.c.o: In function `main':
CheckSymbolExists.c:(.text+0x14): undefined reference to `pthread_create'
CheckSymbolExists.c:(.text+0x18): undefined reference to `pthread_create'
collect2: error: ld returned 1 exit status
CMakeFiles/cmTC_85243.dir/build.make:97: recipe for target 'cmTC_85243' failed
make[1]: *** [cmTC_85243] Error 1
make[1]: Leaving directory '/usr/workdir/Phlebot/catkin_ws/build/image_geometry/CMakeFiles/CMakeTmp'
Makefile:126: recipe for target 'cmTC_85243/fast' failed
make: *** [cmTC_85243/fast] Error 2

File /usr/workdir/Phlebot/catkin_ws/build/image_geometry/CMakeFiles/CMakeTmp/CheckSymbolExists.c:
/* */
#include <pthread.h>

int main(int argc, char** argv)
{
  (void)argv;
#ifndef pthread_create
  return ((int*)(&pthread_create))[argc];
#else
  (void)argc;
  return 0;
#endif
}

Determining if the function pthread_create exists in the pthreads failed with the following output:
Change Dir: /usr/workdir/Phlebot/catkin_ws/build/image_geometry/CMakeFiles/CMakeTmp

Run Build Command:"/usr/bin/make" "cmTC_072cd/fast"
/usr/bin/make -f CMakeFiles/cmTC_072cd.dir/build.make CMakeFiles/cmTC_072cd.dir/build
make[1]: Entering directory '/usr/workdir/Phlebot/catkin_ws/build/image_geometry/CMakeFiles/CMakeTmp'
Building C object CMakeFiles/cmTC_072cd.dir/CheckFunctionExists.c.o
/usr/bin/cc   -DCHECK_FUNCTION_EXISTS=pthread_create   -o CMakeFiles/cmTC_072cd.dir/CheckFunctionExists.c.o   -c /usr/share/cmake-3.10/Modules/CheckFunctionExists.c
Linking C executable cmTC_072cd
/usr/bin/cmake -E cmake_link_script CMakeFiles/cmTC_072cd.dir/link.txt --verbose=1
/usr/bin/cc  -DCHECK_FUNCTION_EXISTS=pthread_create    -rdynamic CMakeFiles/cmTC_072cd.dir/CheckFunctionExists.c.o  -o cmTC_072cd -lpthreads 
/usr/bin/ld: cannot find -lpthreads
collect2: error: ld returned 1 exit status
CMakeFiles/cmTC_072cd.dir/build.make:97: recipe for target 'cmTC_072cd' failed
make[1]: *** [cmTC_072cd] Error 1
make[1]: Leaving directory '/usr/workdir/Phlebot/catkin_ws/build/image_geometry/CMakeFiles/CMakeTmp'
Makefile:126: recipe for target 'cmTC_072cd/fast' failed
make: *** [cmTC_072cd/fast] Error 2


